<?xml version="1.0" encoding="UTF-8"?>
<testsuite xmlns:xsi="http://www.w3.org/2001/XMLSchema-instance" xsi:noNamespaceSchemaLocation="https://maven.apache.org/surefire/maven-surefire-plugin/xsd/surefire-test-report-3.0.xsd" version="3.0" name="com.upstox.auth.storage.FileStorageTest" time="0.307" tests="3" errors="0" skipped="0" failures="0">
  <properties>
[...]
</properties>
  <testcase name="testTokenExpiration" classname="com.upstox.auth.storage.FileStorageTest" time="0.08"/>
  <testcase name="testSaveAndGetToken" classname="com.upstox.auth.storage.FileStorageTest" time="0.193"/>
  <testcase name="testGetTokenEmpty" classname="com.upstox.auth.storage.FileStorageTest" time="0.004"/>
</testsuite>